<?xml version="1.0" encoding="UTF-8"?>
<testsuite name="com.study.springboot.Ex19LoginJoinApplicationTests" tests="1" skipped="0" failures="0" errors="0" timestamp="2023-03-06T07:25:42" hostname="DESKTOP-569DGBD" time="0.903">
  <properties/>
  <testcase name="contextLoads()" classname="com.study.springboot.Ex19LoginJoinApplicationTests" time="0.903"/>
  <system-out><![CDATA[16:25:30.924 [Test worker] DEBUG org.springframework.test.context.BootstrapUtils - Instantiating CacheAwareContextLoaderDelegate from class [org.springframework.test.context.cache.DefaultCacheAwareContextLoaderDelegate]
16:25:30.964 [Test worker] DEBUG org.springframework.test.context.BootstrapUtils - Instantiating BootstrapContext using constructor [public org.springframework.test.context.support.DefaultBootstrapContext(java.lang.Class,org.springframework.test.context.CacheAwareContextLoaderDelegate)]
16:25:31.083 [Test worker] DEBUG org.springframework.test.context.BootstrapUtils - Instantiating TestContextBootstrapper for test class [com.study.springboot.Ex19LoginJoinApplicationTests] from class [org.springframework.boot.test.context.SpringBootTestContextBootstrapper]
16:25:31.105 [Test worker] INFO org.springframework.boot.test.context.SpringBootTestContextBootstrapper - Neither @ContextConfiguration nor @ContextHierarchy found for test class [com.study.springboot.Ex19LoginJoinApplicationTests], using SpringBootContextLoader
16:25:31.113 [Test worker] DEBUG org.springframework.test.context.support.AbstractContextLoader - Did not detect default resource location for test class [com.study.springboot.Ex19LoginJoinApplicationTests]: class path resource [com/study/springboot/Ex19LoginJoinApplicationTests-context.xml] does not exist
16:25:31.114 [Test worker] DEBUG org.springframework.test.context.support.AbstractContextLoader - Did not detect default resource location for test class [com.study.springboot.Ex19LoginJoinApplicationTests]: class path resource [com/study/springboot/Ex19LoginJoinApplicationTestsContext.groovy] does not exist
16:25:31.114 [Test worker] INFO org.springframework.test.context.support.AbstractContextLoader - Could not detect default resource locations for test class [com.study.springboot.Ex19LoginJoinApplicationTests]: no resource found for suffixes {-context.xml, Context.groovy}.
16:25:31.115 [Test worker] INFO org.springframework.test.context.support.AnnotationConfigContextLoaderUtils - Could not detect default configuration classes for test class [com.study.springboot.Ex19LoginJoinApplicationTests]: Ex19LoginJoinApplicationTests does not declare any static, non-private, non-final, nested classes annotated with @Configuration.
16:25:31.206 [Test worker] DEBUG org.springframework.test.context.support.ActiveProfilesUtils - Could not find an 'annotation declaring class' for annotation type [org.springframework.test.context.ActiveProfiles] and class [com.study.springboot.Ex19LoginJoinApplicationTests]
16:25:31.354 [Test worker] DEBUG org.springframework.context.annotation.ClassPathScanningCandidateComponentProvider - Identified candidate component class: file [C:\Users\tjoeun\Dropbox\PC (3)\Documents\springboot\AWS_LoginJoinDB\build\classes\java\main\com\study\springboot\Ex19LoginJoinApplication.class]
16:25:31.357 [Test worker] INFO org.springframework.boot.test.context.SpringBootTestContextBootstrapper - Found @SpringBootConfiguration com.study.springboot.Ex19LoginJoinApplication for test class com.study.springboot.Ex19LoginJoinApplicationTests
16:25:31.671 [Test worker] DEBUG org.springframework.boot.test.context.SpringBootTestContextBootstrapper - @TestExecutionListeners is not present for class [com.study.springboot.Ex19LoginJoinApplicationTests]: using defaults.
16:25:31.672 [Test worker] INFO org.springframework.boot.test.context.SpringBootTestContextBootstrapper - Loaded default TestExecutionListener class names from location [META-INF/spring.factories]: [org.springframework.boot.test.autoconfigure.restdocs.RestDocsTestExecutionListener, org.springframework.boot.test.autoconfigure.web.client.MockRestServiceServerResetTestExecutionListener, org.springframework.boot.test.autoconfigure.web.servlet.MockMvcPrintOnlyOnFailureTestExecutionListener, org.springframework.boot.test.autoconfigure.web.servlet.WebDriverTestExecutionListener, org.springframework.boot.test.autoconfigure.webservices.client.MockWebServiceServerTestExecutionListener, org.springframework.boot.test.mock.mockito.MockitoTestExecutionListener, org.springframework.boot.test.mock.mockito.ResetMocksTestExecutionListener, org.springframework.test.context.web.ServletTestExecutionListener, org.springframework.test.context.support.DirtiesContextBeforeModesTestExecutionListener, org.springframework.test.context.event.ApplicationEventsTestExecutionListener, org.springframework.test.context.support.DependencyInjectionTestExecutionListener, org.springframework.test.context.support.DirtiesContextTestExecutionListener, org.springframework.test.context.transaction.TransactionalTestExecutionListener, org.springframework.test.context.jdbc.SqlScriptsTestExecutionListener, org.springframework.test.context.event.EventPublishingTestExecutionListener]
16:25:31.707 [Test worker] INFO org.springframework.boot.test.context.SpringBootTestContextBootstrapper - Using TestExecutionListeners: [org.springframework.test.context.web.ServletTestExecutionListener@475835b1, org.springframework.test.context.support.DirtiesContextBeforeModesTestExecutionListener@6326d182, org.springframework.test.context.event.ApplicationEventsTestExecutionListener@5241cf67, org.springframework.boot.test.mock.mockito.MockitoTestExecutionListener@716a7124, org.springframework.boot.test.autoconfigure.SpringBootDependencyInjectionTestExecutionListener@77192705, org.springframework.test.context.support.DirtiesContextTestExecutionListener@226642a5, org.springframework.test.context.transaction.TransactionalTestExecutionListener@7e809b79, org.springframework.test.context.jdbc.SqlScriptsTestExecutionListener@5cc126dc, org.springframework.test.context.event.EventPublishingTestExecutionListener@625e134e, org.springframework.boot.test.autoconfigure.restdocs.RestDocsTestExecutionListener@72bd06ca, org.springframework.boot.test.autoconfigure.web.client.MockRestServiceServerResetTestExecutionListener@89c10b7, org.springframework.boot.test.autoconfigure.web.servlet.MockMvcPrintOnlyOnFailureTestExecutionListener@5dbe30be, org.springframework.boot.test.autoconfigure.web.servlet.WebDriverTestExecutionListener@4fe89c24, org.springframework.boot.test.autoconfigure.webservices.client.MockWebServiceServerTestExecutionListener@55795845, org.springframework.boot.test.mock.mockito.ResetMocksTestExecutionListener@3d08f3f5]
16:25:31.712 [Test worker] DEBUG org.springframework.test.context.support.AbstractDirtiesContextTestExecutionListener - Before test class: context [DefaultTestContext@18a3962d testClass = Ex19LoginJoinApplicationTests, testInstance = [null], testMethod = [null], testException = [null], mergedContextConfiguration = [WebMergedContextConfiguration@78aea4b9 testClass = Ex19LoginJoinApplicationTests, locations = '{}', classes = '{class com.study.springboot.Ex19LoginJoinApplication}', contextInitializerClasses = '[]', activeProfiles = '{}', propertySourceLocations = '{}', propertySourceProperties = '{org.springframework.boot.test.context.SpringBootTestContextBootstrapper=true}', contextCustomizers = set[org.springframework.boot.test.autoconfigure.actuate.metrics.MetricsExportContextCustomizerFactory$DisableMetricExportContextCustomizer@dbd8e44, org.springframework.boot.test.autoconfigure.properties.PropertyMappingContextCustomizer@0, org.springframework.boot.test.autoconfigure.web.servlet.WebDriverContextCustomizerFactory$Customizer@34a875b3, org.springframework.boot.test.context.filter.ExcludeFilterContextCustomizer@18a136ac, org.springframework.boot.test.json.DuplicateJsonObjectContextCustomizerFactory$DuplicateJsonObjectContextCustomizer@421bba99, org.springframework.boot.test.mock.mockito.MockitoContextCustomizer@0, org.springframework.boot.test.web.client.TestRestTemplateContextCustomizer@70f59913, org.springframework.boot.test.context.SpringBootTestArgs@1, org.springframework.boot.test.context.SpringBootTestWebEnvironment@4d465b11], resourceBasePath = 'src/main/webapp', contextLoader = 'org.springframework.boot.test.context.SpringBootContextLoader', parent = [null]], attributes = map['org.springframework.test.context.web.ServletTestExecutionListener.activateListener' -> true]], class annotated with @DirtiesContext [false] with mode [null].

  .   ____          _            __ _ _
 /\\ / ___'_ __ _ _(_)_ __  __ _ \ \ \ \
( ( )\___ | '_ | '_| | '_ \/ _` | \ \ \ \
 \\/  ___)| |_)| | | | | || (_| |  ) ) ) )
  '  |____| .__|_| |_|_| |_\__, | / / / /
 =========|_|==============|___/=/_/_/_/
 :: Spring Boot ::                (v2.7.8)

2023-03-06 16:25:32.414  INFO 7332 --- [    Test worker] c.s.s.Ex19LoginJoinApplicationTests      : Starting Ex19LoginJoinApplicationTests using Java 17.0.5 on DESKTOP-569DGBD with PID 7332 (started by tjoeun in C:\Users\tjoeun\Dropbox\PC (3)\Documents\springboot\AWS_LoginJoinDB)
2023-03-06 16:25:32.418  INFO 7332 --- [    Test worker] c.s.s.Ex19LoginJoinApplicationTests      : No active profile set, falling back to 1 default profile: "default"
2023-03-06 16:25:33.790  INFO 7332 --- [    Test worker] .s.d.r.c.RepositoryConfigurationDelegate : Bootstrapping Spring Data JPA repositories in DEFAULT mode.
2023-03-06 16:25:33.885  INFO 7332 --- [    Test worker] .s.d.r.c.RepositoryConfigurationDelegate : Finished Spring Data repository scanning in 75 ms. Found 1 JPA repository interfaces.
2023-03-06 16:25:35.161  INFO 7332 --- [    Test worker] o.hibernate.jpa.internal.util.LogHelper  : HHH000204: Processing PersistenceUnitInfo [name: default]
2023-03-06 16:25:35.317  INFO 7332 --- [    Test worker] org.hibernate.Version                    : HHH000412: Hibernate ORM core version 5.6.14.Final
2023-03-06 16:25:35.946  INFO 7332 --- [    Test worker] o.hibernate.annotations.common.Version   : HCANN000001: Hibernate Commons Annotations {5.1.2.Final}
2023-03-06 16:25:36.235  INFO 7332 --- [    Test worker] com.zaxxer.hikari.HikariDataSource       : HikariPool-1 - Starting...
2023-03-06 16:25:36.368  INFO 7332 --- [    Test worker] com.zaxxer.hikari.HikariDataSource       : HikariPool-1 - Start completed.
2023-03-06 16:25:36.410  INFO 7332 --- [    Test worker] org.hibernate.dialect.Dialect            : HHH000400: Using dialect: org.hibernate.dialect.MariaDB103Dialect
2023-03-06 16:25:38.074  INFO 7332 --- [    Test worker] o.h.e.t.j.p.i.JtaPlatformInitiator       : HHH000490: Using JtaPlatform implementation: [org.hibernate.engine.transaction.jta.platform.internal.NoJtaPlatform]
2023-03-06 16:25:38.090  INFO 7332 --- [    Test worker] j.LocalContainerEntityManagerFactoryBean : Initialized JPA EntityManagerFactory for persistence unit 'default'
2023-03-06 16:25:39.468  WARN 7332 --- [    Test worker] JpaBaseConfiguration$JpaWebConfiguration : spring.jpa.open-in-view is enabled by default. Therefore, database queries may be performed during view rendering. Explicitly configure spring.jpa.open-in-view to disable this warning
2023-03-06 16:25:40.505  INFO 7332 --- [    Test worker] o.s.b.a.w.s.WelcomePageHandlerMapping    : Adding welcome page template: index
2023-03-06 16:25:41.820  INFO 7332 --- [    Test worker] c.s.s.Ex19LoginJoinApplicationTests      : Started Ex19LoginJoinApplicationTests in 9.988 seconds (JVM running for 12.737)
test!!
]]></system-out>
  <system-err><![CDATA[]]></system-err>
</testsuite>
